Grammar

    0 $accept: Program $end

    1 Program: ProgramElementList

    2 ProgramElementList: ProgramElement ProgramElementList
    3                   | ε

    4 NUM: UNUM
    5    | SUB UNUM

    6 Type: INT
    7     | ID

    8 RightValList: RightVal
    9             | RightVal COMMA RightValList

   10 FnCall: ID LP RightValList RP
   11       | ID LP RP

   12 ArrayExpr: ID LSB NUM RSB
   13          | ID LSB ID RSB
   14          | LeftVal LSB NUM RSB
   15          | LeftVal LSB ID RSB

   16 MemberExpr: ID DOT ID
   17           | LeftVal DOT ID

   18 ExprUnit: NUM
   19         | ID
   20         | LP ArithExpr RP
   21         | FnCall
   22         | ArrayExpr
   23         | MemberExpr

   24 ArithExpr: ArithExpr ADD ArithExpr
   25          | ArithExpr SUB ArithExpr
   26          | ArithExpr MUL ArithExpr
   27          | ArithExpr DIV ArithExpr
   28          | ExprUnit

   29 BoolUOpExpr: NOT BoolUnit

   30 BoolBiOpExpr: BoolExpr AND BoolExpr
   31             | BoolExpr OR BoolExpr

   32 BoolExpr: BoolBiOpExpr
   33         | BoolUnit

   34 ComExpr: ExprUnit LT ExprUnit
   35        | ExprUnit LE ExprUnit
   36        | ExprUnit GT ExprUnit
   37        | ExprUnit GE ExprUnit
   38        | ExprUnit EQ ExprUnit
   39        | ExprUnit NE ExprUnit

   40 BoolUnit: LP ComExpr RP
   41         | LP BoolExpr RP
   42         | BoolUOpExpr

   43 BoolUnit_: LP ComExpr RP
   44          | LP BoolExpr RP
   45          | LP BoolUOpExpr RP

   46 RightVal: ArithExpr

   47 LeftVal: ID
   48        | ArrayExpr
   49        | MemberExpr

   50 AssignStmt: LeftVal ASSIGN RightVal SEMICOLON

   51 VarDecl: ID COLON Type
   52        | ArrayExpr COLON Type
   53        | ArrayExpr
   54        | ID

   55 VarDef: ID COLON Type ASSIGN RightVal
   56       | ID ASSIGN RightVal
   57       | ArrayExpr COLON Type ASSIGN LB RightValList RB
   58       | ArrayExpr ASSIGN LB RightValList RB
   59       | ArrayExpr COLON Type ASSIGN LB RB
   60       | ArrayExpr ASSIGN LB RB

   61 VarDeclStmt: LET VarDecl SEMICOLON
   62            | LET VarDef SEMICOLON

   63 VarDeclList: VarDecl
   64            | VarDecl COMMA VarDeclList

   65 StructDef: STRUCT ID LB VarDeclList RB

   66 FnDecl: FN ID LP ParamDecl RP
   67       | FN ID LP ParamDecl RP ARROW Type

   68 ParamDecl: VarDeclList
   69          | ε

   70 CodeBlockStmtList: CodeBlockStmt CodeBlockStmtList
   71                  | CodeBlockStmt

   72 FnDef: FnDecl CodeBlock

   73 IfStmt: IF BoolUnit_ CodeBlock ELSE CodeBlock
   74       | IF BoolUnit_ CodeBlock

   75 WhileStmt: WHILE BoolUnit_ CodeBlock

   76 CallStmt: FnCall SEMICOLON

   77 ReturnStmt: RETURN RightVal SEMICOLON
   78           | RETURN SEMICOLON

   79 ContinueStmt: CONTINUE SEMICOLON

   80 BreakStmt: BREAK SEMICOLON

   81 CodeBlockStmt: SEMICOLON
   82              | VarDeclStmt
   83              | AssignStmt
   84              | CallStmt
   85              | IfStmt
   86              | WhileStmt
   87              | ReturnStmt
   88              | ContinueStmt
   89              | BreakStmt

   90 CodeBlock: LB RB
   91          | LB CodeBlockStmtList RB

   92 FnDeclStmt: FnDecl SEMICOLON

   93 ProgramElement: VarDeclStmt
   94               | StructDef
   95               | FnDeclStmt
   96               | FnDef
   97               | SEMICOLON


Terminals, with rules where they appear

    $end (0) 0
    error (256)
    ADD <pos> (258) 24
    SUB <pos> (259) 5 25
    MUL <pos> (260) 26
    DIV <pos> (261) 27
    LP <pos> (262) 10 11 20 40 41 43 44 45 66 67
    RP <pos> (263) 10 11 20 40 41 43 44 45 66 67
    LSB <pos> (264) 12 13 14 15
    RSB <pos> (265) 12 13 14 15
    LB <pos> (266) 57 58 59 60 65 90 91
    RB <pos> (267) 57 58 59 60 65 90 91
    COMMA <pos> (268) 9 64
    SEMICOLON <pos> (269) 50 61 62 76 77 78 79 80 81 92 97
    EQ <pos> (270) 38
    NE <pos> (271) 39
    LT <pos> (272) 34
    GT <pos> (273) 36
    LE <pos> (274) 35
    GE <pos> (275) 37
    ASSIGN <pos> (276) 50 55 56 57 58 59 60
    AND <pos> (277) 30
    OR <pos> (278) 31
    NOT <pos> (279) 29
    ARROW <pos> (280) 67
    DOT <pos> (281) 16 17
    COLON <pos> (282) 51 52 55 57 59
    IF <pos> (283) 73 74
    ELSE <pos> (284) 73
    WHILE <pos> (285) 75
    RETURN <pos> (286) 77 78
    CONTINUE <pos> (287) 79
    BREAK <pos> (288) 80
    INT <pos> (289) 6
    FN <pos> (290) 66 67
    LET <pos> (291) 61 62
    STRUCT <pos> (292) 65
    UNUM <tokenNum> (293) 4 5
    ID <tokenId> (294) 7 10 11 12 13 15 16 17 19 47 51 54 55 56 65 66 67
    NEG (295)
    LOWER_THAN_LP (296)


Nonterminals, with rules where they appear

    $accept (42)
        on left: 0
    Program <program> (43)
        on left: 1
        on right: 0
    ProgramElementList <programElementList> (44)
        on left: 2 3
        on right: 1 2
    NUM <tokenNum> (45)
        on left: 4 5
        on right: 12 14 18
    Type <type> (46)
        on left: 6 7
        on right: 51 52 55 57 59 67
    RightValList <rightValList> (47)
        on left: 8 9
        on right: 9 10 57 58
    FnCall <fnCall> (48)
        on left: 10 11
        on right: 21 76
    ArrayExpr <arrayExpr> (49)
        on left: 12 13 14 15
        on right: 22 48 52 53 57 58 59 60
    MemberExpr <memberExpr> (50)
        on left: 16 17
        on right: 23 49
    ExprUnit <exprUnit> (51)
        on left: 18 19 20 21 22 23
        on right: 28 34 35 36 37 38 39
    ArithExpr <arithExpr> (52)
        on left: 24 25 26 27 28
        on right: 20 24 25 26 27 46
    BoolUOpExpr <boolUOpExpr> (53)
        on left: 29
        on right: 42 45
    BoolBiOpExpr <boolBiOpExpr> (54)
        on left: 30 31
        on right: 32
    BoolExpr <boolExpr> (55)
        on left: 32 33
        on right: 30 31 41 44
    ComExpr <comExpr> (56)
        on left: 34 35 36 37 38 39
        on right: 40 43
    BoolUnit <boolUnit> (57)
        on left: 40 41 42
        on right: 29 33
    BoolUnit_ <boolUnit> (58)
        on left: 43 44 45
        on right: 73 74 75
    RightVal <rightVal> (59)
        on left: 46
        on right: 8 9 50 55 56 77
    LeftVal <leftVal> (60)
        on left: 47 48 49
        on right: 14 15 17 50
    AssignStmt <assignStmt> (61)
        on left: 50
        on right: 83
    VarDecl <varDecl> (62)
        on left: 51 52 53 54
        on right: 61 63 64
    VarDef <varDef> (63)
        on left: 55 56 57 58 59 60
        on right: 62
    VarDeclStmt <varDeclStmt> (64)
        on left: 61 62
        on right: 82 93
    VarDeclList <varDeclList> (65)
        on left: 63 64
        on right: 64 65 68
    StructDef <structDef> (66)
        on left: 65
        on right: 94
    FnDecl <fnDecl> (67)
        on left: 66 67
        on right: 72 92
    ParamDecl <paramDecl> (68)
        on left: 68 69
        on right: 66 67
    CodeBlockStmtList <codeBlockStmtList> (69)
        on left: 70 71
        on right: 70 91
    FnDef <fnDef> (70)
        on left: 72
        on right: 96
    IfStmt <ifStmt> (71)
        on left: 73 74
        on right: 85
    WhileStmt <whileStmt> (72)
        on left: 75
        on right: 86
    CallStmt <callStmt> (73)
        on left: 76
        on right: 84
    ReturnStmt <returnStmt> (74)
        on left: 77 78
        on right: 87
    ContinueStmt <pos> (75)
        on left: 79
        on right: 88
    BreakStmt <pos> (76)
        on left: 80
        on right: 89
    CodeBlockStmt <codeBlockStmt> (77)
        on left: 81 82 83 84 85 86 87 88 89
        on right: 70 71
    CodeBlock <codeBlockStmtList> (78)
        on left: 90 91
        on right: 72 73 74 75
    FnDeclStmt <fnDeclStmt> (79)
        on left: 92
        on right: 95
    ProgramElement <programElement> (80)
        on left: 93 94 95 96 97
        on right: 2


State 0

    0 $accept: • Program $end

    SEMICOLON  shift, and go to state 1
    FN         shift, and go to state 2
    LET        shift, and go to state 3
    STRUCT     shift, and go to state 4

    $default  reduce using rule 3 (ProgramElementList)

    Program             go to state 5
    ProgramElementList  go to state 6
    VarDeclStmt         go to state 7
    StructDef           go to state 8
    FnDecl              go to state 9
    FnDef               go to state 10
    FnDeclStmt          go to state 11
    ProgramElement      go to state 12


State 1

   97 ProgramElement: SEMICOLON •

    $default  reduce using rule 97 (ProgramElement)


State 2

   66 FnDecl: FN • ID LP ParamDecl RP
   67       | FN • ID LP ParamDecl RP ARROW Type

    ID  shift, and go to state 13


State 3

   61 VarDeclStmt: LET • VarDecl SEMICOLON
   62            | LET • VarDef SEMICOLON

    ID  shift, and go to state 14

    ArrayExpr   go to state 15
    MemberExpr  go to state 16
    LeftVal     go to state 17
    VarDecl     go to state 18
    VarDef      go to state 19


State 4

   65 StructDef: STRUCT • ID LB VarDeclList RB

    ID  shift, and go to state 20


State 5

    0 $accept: Program • $end

    $end  shift, and go to state 21


State 6

    1 Program: ProgramElementList •

    $default  reduce using rule 1 (Program)


State 7

   93 ProgramElement: VarDeclStmt •

    $default  reduce using rule 93 (ProgramElement)


State 8

   94 ProgramElement: StructDef •

    $default  reduce using rule 94 (ProgramElement)


State 9

   72 FnDef: FnDecl • CodeBlock
   92 FnDeclStmt: FnDecl • SEMICOLON

    LB         shift, and go to state 22
    SEMICOLON  shift, and go to state 23

    CodeBlock  go to state 24


State 10

   96 ProgramElement: FnDef •

    $default  reduce using rule 96 (ProgramElement)


State 11

   95 ProgramElement: FnDeclStmt •

    $default  reduce using rule 95 (ProgramElement)


State 12

    2 ProgramElementList: ProgramElement • ProgramElementList

    SEMICOLON  shift, and go to state 1
    FN         shift, and go to state 2
    LET        shift, and go to state 3
    STRUCT     shift, and go to state 4

    $default  reduce using rule 3 (ProgramElementList)

    ProgramElementList  go to state 25
    VarDeclStmt         go to state 7
    StructDef           go to state 8
    FnDecl              go to state 9
    FnDef               go to state 10
    FnDeclStmt          go to state 11
    ProgramElement      go to state 12


State 13

   66 FnDecl: FN ID • LP ParamDecl RP
   67       | FN ID • LP ParamDecl RP ARROW Type

    LP  shift, and go to state 26


State 14

   12 ArrayExpr: ID • LSB NUM RSB
   13          | ID • LSB ID RSB
   16 MemberExpr: ID • DOT ID
   47 LeftVal: ID •
   51 VarDecl: ID • COLON Type
   54        | ID •
   55 VarDef: ID • COLON Type ASSIGN RightVal
   56       | ID • ASSIGN RightVal

    LSB     shift, and go to state 27
    ASSIGN  shift, and go to state 28
    DOT     shift, and go to state 29
    COLON   shift, and go to state 30

    $default  reduce using rule 54 (VarDecl)


State 15

   48 LeftVal: ArrayExpr •
   52 VarDecl: ArrayExpr • COLON Type
   53        | ArrayExpr •
   57 VarDef: ArrayExpr • COLON Type ASSIGN LB RightValList RB
   58       | ArrayExpr • ASSIGN LB RightValList RB
   59       | ArrayExpr • COLON Type ASSIGN LB RB
   60       | ArrayExpr • ASSIGN LB RB

    ASSIGN  shift, and go to state 31
    COLON   shift, and go to state 32

    SEMICOLON  reduce using rule 53 (VarDecl)
    $default   reduce using rule 48 (LeftVal)


State 16

   49 LeftVal: MemberExpr •

    $default  reduce using rule 49 (LeftVal)


State 17

   14 ArrayExpr: LeftVal • LSB NUM RSB
   15          | LeftVal • LSB ID RSB
   17 MemberExpr: LeftVal • DOT ID

    LSB  shift, and go to state 33
    DOT  shift, and go to state 34


State 18

   61 VarDeclStmt: LET VarDecl • SEMICOLON

    SEMICOLON  shift, and go to state 35


State 19

   62 VarDeclStmt: LET VarDef • SEMICOLON

    SEMICOLON  shift, and go to state 36


State 20

   65 StructDef: STRUCT ID • LB VarDeclList RB

    LB  shift, and go to state 37


State 21

    0 $accept: Program $end •

    $default  accept


State 22

   90 CodeBlock: LB • RB
   91          | LB • CodeBlockStmtList RB

    RB         shift, and go to state 38
    SEMICOLON  shift, and go to state 39
    IF         shift, and go to state 40
    WHILE      shift, and go to state 41
    RETURN     shift, and go to state 42
    CONTINUE   shift, and go to state 43
    BREAK      shift, and go to state 44
    LET        shift, and go to state 3
    ID         shift, and go to state 45

    FnCall             go to state 46
    ArrayExpr          go to state 47
    MemberExpr         go to state 16
    LeftVal            go to state 48
    AssignStmt         go to state 49
    VarDeclStmt        go to state 50
    CodeBlockStmtList  go to state 51
    IfStmt             go to state 52
    WhileStmt          go to state 53
    CallStmt           go to state 54
    ReturnStmt         go to state 55
    ContinueStmt       go to state 56
    BreakStmt          go to state 57
    CodeBlockStmt      go to state 58


State 23

   92 FnDeclStmt: FnDecl SEMICOLON •

    $default  reduce using rule 92 (FnDeclStmt)


State 24

   72 FnDef: FnDecl CodeBlock •

    $default  reduce using rule 72 (FnDef)


State 25

    2 ProgramElementList: ProgramElement ProgramElementList •

    $default  reduce using rule 2 (ProgramElementList)


State 26

   66 FnDecl: FN ID LP • ParamDecl RP
   67       | FN ID LP • ParamDecl RP ARROW Type

    ID  shift, and go to state 59

    $default  reduce using rule 69 (ParamDecl)

    ArrayExpr    go to state 60
    MemberExpr   go to state 16
    LeftVal      go to state 17
    VarDecl      go to state 61
    VarDeclList  go to state 62
    ParamDecl    go to state 63


State 27

   12 ArrayExpr: ID LSB • NUM RSB
   13          | ID LSB • ID RSB

    SUB   shift, and go to state 64
    UNUM  shift, and go to state 65
    ID    shift, and go to state 66

    NUM  go to state 67


State 28

   56 VarDef: ID ASSIGN • RightVal

    SUB   shift, and go to state 64
    LP    shift, and go to state 68
    UNUM  shift, and go to state 65
    ID    shift, and go to state 69

    NUM         go to state 70
    FnCall      go to state 71
    ArrayExpr   go to state 72
    MemberExpr  go to state 73
    ExprUnit    go to state 74
    ArithExpr   go to state 75
    RightVal    go to state 76
    LeftVal     go to state 17


State 29

   16 MemberExpr: ID DOT • ID

    ID  shift, and go to state 77


State 30

   51 VarDecl: ID COLON • Type
   55 VarDef: ID COLON • Type ASSIGN RightVal

    INT  shift, and go to state 78
    ID   shift, and go to state 79

    Type  go to state 80


State 31

   58 VarDef: ArrayExpr ASSIGN • LB RightValList RB
   60       | ArrayExpr ASSIGN • LB RB

    LB  shift, and go to state 81


State 32

   52 VarDecl: ArrayExpr COLON • Type
   57 VarDef: ArrayExpr COLON • Type ASSIGN LB RightValList RB
   59       | ArrayExpr COLON • Type ASSIGN LB RB

    INT  shift, and go to state 78
    ID   shift, and go to state 79

    Type  go to state 82


State 33

   14 ArrayExpr: LeftVal LSB • NUM RSB
   15          | LeftVal LSB • ID RSB

    SUB   shift, and go to state 64
    UNUM  shift, and go to state 65
    ID    shift, and go to state 83

    NUM  go to state 84


State 34

   17 MemberExpr: LeftVal DOT • ID

    ID  shift, and go to state 85


State 35

   61 VarDeclStmt: LET VarDecl SEMICOLON •

    $default  reduce using rule 61 (VarDeclStmt)


State 36

   62 VarDeclStmt: LET VarDef SEMICOLON •

    $default  reduce using rule 62 (VarDeclStmt)


State 37

   65 StructDef: STRUCT ID LB • VarDeclList RB

    ID  shift, and go to state 59

    ArrayExpr    go to state 60
    MemberExpr   go to state 16
    LeftVal      go to state 17
    VarDecl      go to state 61
    VarDeclList  go to state 86


State 38

   90 CodeBlock: LB RB •

    $default  reduce using rule 90 (CodeBlock)


State 39

   81 CodeBlockStmt: SEMICOLON •

    $default  reduce using rule 81 (CodeBlockStmt)


State 40

   73 IfStmt: IF • BoolUnit_ CodeBlock ELSE CodeBlock
   74       | IF • BoolUnit_ CodeBlock

    LP  shift, and go to state 87

    BoolUnit_  go to state 88


State 41

   75 WhileStmt: WHILE • BoolUnit_ CodeBlock

    LP  shift, and go to state 87

    BoolUnit_  go to state 89


State 42

   77 ReturnStmt: RETURN • RightVal SEMICOLON
   78           | RETURN • SEMICOLON

    SUB        shift, and go to state 64
    LP         shift, and go to state 68
    SEMICOLON  shift, and go to state 90
    UNUM       shift, and go to state 65
    ID         shift, and go to state 69

    NUM         go to state 70
    FnCall      go to state 71
    ArrayExpr   go to state 72
    MemberExpr  go to state 73
    ExprUnit    go to state 74
    ArithExpr   go to state 75
    RightVal    go to state 91
    LeftVal     go to state 17


State 43

   79 ContinueStmt: CONTINUE • SEMICOLON

    SEMICOLON  shift, and go to state 92


State 44

   80 BreakStmt: BREAK • SEMICOLON

    SEMICOLON  shift, and go to state 93


State 45

   10 FnCall: ID • LP RightValList RP
   11       | ID • LP RP
   12 ArrayExpr: ID • LSB NUM RSB
   13          | ID • LSB ID RSB
   16 MemberExpr: ID • DOT ID
   47 LeftVal: ID •

    LP   shift, and go to state 94
    LSB  shift, and go to state 27
    DOT  shift, and go to state 29

    $default  reduce using rule 47 (LeftVal)


State 46

   76 CallStmt: FnCall • SEMICOLON

    SEMICOLON  shift, and go to state 95


State 47

   48 LeftVal: ArrayExpr •

    $default  reduce using rule 48 (LeftVal)


State 48

   14 ArrayExpr: LeftVal • LSB NUM RSB
   15          | LeftVal • LSB ID RSB
   17 MemberExpr: LeftVal • DOT ID
   50 AssignStmt: LeftVal • ASSIGN RightVal SEMICOLON

    LSB     shift, and go to state 33
    ASSIGN  shift, and go to state 96
    DOT     shift, and go to state 34


State 49

   83 CodeBlockStmt: AssignStmt •

    $default  reduce using rule 83 (CodeBlockStmt)


State 50

   82 CodeBlockStmt: VarDeclStmt •

    $default  reduce using rule 82 (CodeBlockStmt)


State 51

   91 CodeBlock: LB CodeBlockStmtList • RB

    RB  shift, and go to state 97


State 52

   85 CodeBlockStmt: IfStmt •

    $default  reduce using rule 85 (CodeBlockStmt)


State 53

   86 CodeBlockStmt: WhileStmt •

    $default  reduce using rule 86 (CodeBlockStmt)


State 54

   84 CodeBlockStmt: CallStmt •

    $default  reduce using rule 84 (CodeBlockStmt)


State 55

   87 CodeBlockStmt: ReturnStmt •

    $default  reduce using rule 87 (CodeBlockStmt)


State 56

   88 CodeBlockStmt: ContinueStmt •

    $default  reduce using rule 88 (CodeBlockStmt)


State 57

   89 CodeBlockStmt: BreakStmt •

    $default  reduce using rule 89 (CodeBlockStmt)


State 58

   70 CodeBlockStmtList: CodeBlockStmt • CodeBlockStmtList
   71                  | CodeBlockStmt •

    SEMICOLON  shift, and go to state 39
    IF         shift, and go to state 40
    WHILE      shift, and go to state 41
    RETURN     shift, and go to state 42
    CONTINUE   shift, and go to state 43
    BREAK      shift, and go to state 44
    LET        shift, and go to state 3
    ID         shift, and go to state 45

    $default  reduce using rule 71 (CodeBlockStmtList)

    FnCall             go to state 46
    ArrayExpr          go to state 47
    MemberExpr         go to state 16
    LeftVal            go to state 48
    AssignStmt         go to state 49
    VarDeclStmt        go to state 50
    CodeBlockStmtList  go to state 98
    IfStmt             go to state 52
    WhileStmt          go to state 53
    CallStmt           go to state 54
    ReturnStmt         go to state 55
    ContinueStmt       go to state 56
    BreakStmt          go to state 57
    CodeBlockStmt      go to state 58


State 59

   12 ArrayExpr: ID • LSB NUM RSB
   13          | ID • LSB ID RSB
   16 MemberExpr: ID • DOT ID
   47 LeftVal: ID •
   51 VarDecl: ID • COLON Type
   54        | ID •

    LSB    shift, and go to state 27
    DOT    shift, and go to state 29
    COLON  shift, and go to state 99

    $default  reduce using rule 54 (VarDecl)


State 60

   48 LeftVal: ArrayExpr •
   52 VarDecl: ArrayExpr • COLON Type
   53        | ArrayExpr •

    COLON  shift, and go to state 100

    LSB       reduce using rule 48 (LeftVal)
    DOT       reduce using rule 48 (LeftVal)
    $default  reduce using rule 53 (VarDecl)


State 61

   63 VarDeclList: VarDecl •
   64            | VarDecl • COMMA VarDeclList

    COMMA  shift, and go to state 101

    $default  reduce using rule 63 (VarDeclList)


State 62

   68 ParamDecl: VarDeclList •

    $default  reduce using rule 68 (ParamDecl)


State 63

   66 FnDecl: FN ID LP ParamDecl • RP
   67       | FN ID LP ParamDecl • RP ARROW Type

    RP  shift, and go to state 102


State 64

    5 NUM: SUB • UNUM

    UNUM  shift, and go to state 103


State 65

    4 NUM: UNUM •

    $default  reduce using rule 4 (NUM)


State 66

   13 ArrayExpr: ID LSB ID • RSB

    RSB  shift, and go to state 104


State 67

   12 ArrayExpr: ID LSB NUM • RSB

    RSB  shift, and go to state 105


State 68

   20 ExprUnit: LP • ArithExpr RP

    SUB   shift, and go to state 64
    LP    shift, and go to state 68
    UNUM  shift, and go to state 65
    ID    shift, and go to state 69

    NUM         go to state 70
    FnCall      go to state 71
    ArrayExpr   go to state 72
    MemberExpr  go to state 73
    ExprUnit    go to state 74
    ArithExpr   go to state 106
    LeftVal     go to state 17


State 69

   10 FnCall: ID • LP RightValList RP
   11       | ID • LP RP
   12 ArrayExpr: ID • LSB NUM RSB
   13          | ID • LSB ID RSB
   16 MemberExpr: ID • DOT ID
   19 ExprUnit: ID •
   47 LeftVal: ID •

    LP   shift, and go to state 94
    LSB  shift, and go to state 27
    DOT  shift, and go to state 29

    $default  reduce using rule 19 (ExprUnit)


State 70

   18 ExprUnit: NUM •

    $default  reduce using rule 18 (ExprUnit)


State 71

   21 ExprUnit: FnCall •

    $default  reduce using rule 21 (ExprUnit)


State 72

   22 ExprUnit: ArrayExpr •
   48 LeftVal: ArrayExpr •

    LSB       reduce using rule 48 (LeftVal)
    DOT       reduce using rule 48 (LeftVal)
    $default  reduce using rule 22 (ExprUnit)


State 73

   23 ExprUnit: MemberExpr •
   49 LeftVal: MemberExpr •

    LSB       reduce using rule 49 (LeftVal)
    DOT       reduce using rule 49 (LeftVal)
    $default  reduce using rule 23 (ExprUnit)


State 74

   28 ArithExpr: ExprUnit •

    $default  reduce using rule 28 (ArithExpr)


State 75

   24 ArithExpr: ArithExpr • ADD ArithExpr
   25          | ArithExpr • SUB ArithExpr
   26          | ArithExpr • MUL ArithExpr
   27          | ArithExpr • DIV ArithExpr
   46 RightVal: ArithExpr •

    ADD  shift, and go to state 107
    SUB  shift, and go to state 108
    MUL  shift, and go to state 109
    DIV  shift, and go to state 110

    $default  reduce using rule 46 (RightVal)


State 76

   56 VarDef: ID ASSIGN RightVal •

    $default  reduce using rule 56 (VarDef)


State 77

   16 MemberExpr: ID DOT ID •

    $default  reduce using rule 16 (MemberExpr)


State 78

    6 Type: INT •

    $default  reduce using rule 6 (Type)


State 79

    7 Type: ID •

    $default  reduce using rule 7 (Type)


State 80

   51 VarDecl: ID COLON Type •
   55 VarDef: ID COLON Type • ASSIGN RightVal

    ASSIGN  shift, and go to state 111

    $default  reduce using rule 51 (VarDecl)


State 81

   58 VarDef: ArrayExpr ASSIGN LB • RightValList RB
   60       | ArrayExpr ASSIGN LB • RB

    SUB   shift, and go to state 64
    LP    shift, and go to state 68
    RB    shift, and go to state 112
    UNUM  shift, and go to state 65
    ID    shift, and go to state 69

    NUM           go to state 70
    RightValList  go to state 113
    FnCall        go to state 71
    ArrayExpr     go to state 72
    MemberExpr    go to state 73
    ExprUnit      go to state 74
    ArithExpr     go to state 75
    RightVal      go to state 114
    LeftVal       go to state 17


State 82

   52 VarDecl: ArrayExpr COLON Type •
   57 VarDef: ArrayExpr COLON Type • ASSIGN LB RightValList RB
   59       | ArrayExpr COLON Type • ASSIGN LB RB

    ASSIGN  shift, and go to state 115

    $default  reduce using rule 52 (VarDecl)


State 83

   15 ArrayExpr: LeftVal LSB ID • RSB

    RSB  shift, and go to state 116


State 84

   14 ArrayExpr: LeftVal LSB NUM • RSB

    RSB  shift, and go to state 117


State 85

   17 MemberExpr: LeftVal DOT ID •

    $default  reduce using rule 17 (MemberExpr)


State 86

   65 StructDef: STRUCT ID LB VarDeclList • RB

    RB  shift, and go to state 118


State 87

   43 BoolUnit_: LP • ComExpr RP
   44          | LP • BoolExpr RP
   45          | LP • BoolUOpExpr RP

    SUB   shift, and go to state 64
    LP    shift, and go to state 119
    NOT   shift, and go to state 120
    UNUM  shift, and go to state 65
    ID    shift, and go to state 69

    NUM           go to state 70
    FnCall        go to state 71
    ArrayExpr     go to state 72
    MemberExpr    go to state 73
    ExprUnit      go to state 121
    BoolUOpExpr   go to state 122
    BoolBiOpExpr  go to state 123
    BoolExpr      go to state 124
    ComExpr       go to state 125
    BoolUnit      go to state 126
    LeftVal       go to state 17


State 88

   73 IfStmt: IF BoolUnit_ • CodeBlock ELSE CodeBlock
   74       | IF BoolUnit_ • CodeBlock

    LB  shift, and go to state 22

    CodeBlock  go to state 127


State 89

   75 WhileStmt: WHILE BoolUnit_ • CodeBlock

    LB  shift, and go to state 22

    CodeBlock  go to state 128


State 90

   78 ReturnStmt: RETURN SEMICOLON •

    $default  reduce using rule 78 (ReturnStmt)


State 91

   77 ReturnStmt: RETURN RightVal • SEMICOLON

    SEMICOLON  shift, and go to state 129


State 92

   79 ContinueStmt: CONTINUE SEMICOLON •

    $default  reduce using rule 79 (ContinueStmt)


State 93

   80 BreakStmt: BREAK SEMICOLON •

    $default  reduce using rule 80 (BreakStmt)


State 94

   10 FnCall: ID LP • RightValList RP
   11       | ID LP • RP

    SUB   shift, and go to state 64
    LP    shift, and go to state 68
    RP    shift, and go to state 130
    UNUM  shift, and go to state 65
    ID    shift, and go to state 69

    NUM           go to state 70
    RightValList  go to state 131
    FnCall        go to state 71
    ArrayExpr     go to state 72
    MemberExpr    go to state 73
    ExprUnit      go to state 74
    ArithExpr     go to state 75
    RightVal      go to state 114
    LeftVal       go to state 17


State 95

   76 CallStmt: FnCall SEMICOLON •

    $default  reduce using rule 76 (CallStmt)


State 96

   50 AssignStmt: LeftVal ASSIGN • RightVal SEMICOLON

    SUB   shift, and go to state 64
    LP    shift, and go to state 68
    UNUM  shift, and go to state 65
    ID    shift, and go to state 69

    NUM         go to state 70
    FnCall      go to state 71
    ArrayExpr   go to state 72
    MemberExpr  go to state 73
    ExprUnit    go to state 74
    ArithExpr   go to state 75
    RightVal    go to state 132
    LeftVal     go to state 17


State 97

   91 CodeBlock: LB CodeBlockStmtList RB •

    $default  reduce using rule 91 (CodeBlock)


State 98

   70 CodeBlockStmtList: CodeBlockStmt CodeBlockStmtList •

    $default  reduce using rule 70 (CodeBlockStmtList)


State 99

   51 VarDecl: ID COLON • Type

    INT  shift, and go to state 78
    ID   shift, and go to state 79

    Type  go to state 133


State 100

   52 VarDecl: ArrayExpr COLON • Type

    INT  shift, and go to state 78
    ID   shift, and go to state 79

    Type  go to state 134


State 101

   64 VarDeclList: VarDecl COMMA • VarDeclList

    ID  shift, and go to state 59

    ArrayExpr    go to state 60
    MemberExpr   go to state 16
    LeftVal      go to state 17
    VarDecl      go to state 61
    VarDeclList  go to state 135


State 102

   66 FnDecl: FN ID LP ParamDecl RP •
   67       | FN ID LP ParamDecl RP • ARROW Type

    ARROW  shift, and go to state 136

    $default  reduce using rule 66 (FnDecl)


State 103

    5 NUM: SUB UNUM •

    $default  reduce using rule 5 (NUM)


State 104

   13 ArrayExpr: ID LSB ID RSB •

    $default  reduce using rule 13 (ArrayExpr)


State 105

   12 ArrayExpr: ID LSB NUM RSB •

    $default  reduce using rule 12 (ArrayExpr)


State 106

   20 ExprUnit: LP ArithExpr • RP
   24 ArithExpr: ArithExpr • ADD ArithExpr
   25          | ArithExpr • SUB ArithExpr
   26          | ArithExpr • MUL ArithExpr
   27          | ArithExpr • DIV ArithExpr

    ADD  shift, and go to state 107
    SUB  shift, and go to state 108
    MUL  shift, and go to state 109
    DIV  shift, and go to state 110
    RP   shift, and go to state 137


State 107

   24 ArithExpr: ArithExpr ADD • ArithExpr

    SUB   shift, and go to state 64
    LP    shift, and go to state 68
    UNUM  shift, and go to state 65
    ID    shift, and go to state 69

    NUM         go to state 70
    FnCall      go to state 71
    ArrayExpr   go to state 72
    MemberExpr  go to state 73
    ExprUnit    go to state 74
    ArithExpr   go to state 138
    LeftVal     go to state 17


State 108

   25 ArithExpr: ArithExpr SUB • ArithExpr

    SUB   shift, and go to state 64
    LP    shift, and go to state 68
    UNUM  shift, and go to state 65
    ID    shift, and go to state 69

    NUM         go to state 70
    FnCall      go to state 71
    ArrayExpr   go to state 72
    MemberExpr  go to state 73
    ExprUnit    go to state 74
    ArithExpr   go to state 139
    LeftVal     go to state 17


State 109

   26 ArithExpr: ArithExpr MUL • ArithExpr

    SUB   shift, and go to state 64
    LP    shift, and go to state 68
    UNUM  shift, and go to state 65
    ID    shift, and go to state 69

    NUM         go to state 70
    FnCall      go to state 71
    ArrayExpr   go to state 72
    MemberExpr  go to state 73
    ExprUnit    go to state 74
    ArithExpr   go to state 140
    LeftVal     go to state 17


State 110

   27 ArithExpr: ArithExpr DIV • ArithExpr

    SUB   shift, and go to state 64
    LP    shift, and go to state 68
    UNUM  shift, and go to state 65
    ID    shift, and go to state 69

    NUM         go to state 70
    FnCall      go to state 71
    ArrayExpr   go to state 72
    MemberExpr  go to state 73
    ExprUnit    go to state 74
    ArithExpr   go to state 141
    LeftVal     go to state 17


State 111

   55 VarDef: ID COLON Type ASSIGN • RightVal

    SUB   shift, and go to state 64
    LP    shift, and go to state 68
    UNUM  shift, and go to state 65
    ID    shift, and go to state 69

    NUM         go to state 70
    FnCall      go to state 71
    ArrayExpr   go to state 72
    MemberExpr  go to state 73
    ExprUnit    go to state 74
    ArithExpr   go to state 75
    RightVal    go to state 142
    LeftVal     go to state 17


State 112

   60 VarDef: ArrayExpr ASSIGN LB RB •

    $default  reduce using rule 60 (VarDef)


State 113

   58 VarDef: ArrayExpr ASSIGN LB RightValList • RB

    RB  shift, and go to state 143


State 114

    8 RightValList: RightVal •
    9             | RightVal • COMMA RightValList

    COMMA  shift, and go to state 144

    $default  reduce using rule 8 (RightValList)


State 115

   57 VarDef: ArrayExpr COLON Type ASSIGN • LB RightValList RB
   59       | ArrayExpr COLON Type ASSIGN • LB RB

    LB  shift, and go to state 145


State 116

   15 ArrayExpr: LeftVal LSB ID RSB •

    $default  reduce using rule 15 (ArrayExpr)


State 117

   14 ArrayExpr: LeftVal LSB NUM RSB •

    $default  reduce using rule 14 (ArrayExpr)


State 118

   65 StructDef: STRUCT ID LB VarDeclList RB •

    $default  reduce using rule 65 (StructDef)


State 119

   20 ExprUnit: LP • ArithExpr RP
   40 BoolUnit: LP • ComExpr RP
   41         | LP • BoolExpr RP

    SUB   shift, and go to state 64
    LP    shift, and go to state 119
    NOT   shift, and go to state 120
    UNUM  shift, and go to state 65
    ID    shift, and go to state 69

    NUM           go to state 70
    FnCall        go to state 71
    ArrayExpr     go to state 72
    MemberExpr    go to state 73
    ExprUnit      go to state 146
    ArithExpr     go to state 106
    BoolUOpExpr   go to state 147
    BoolBiOpExpr  go to state 123
    BoolExpr      go to state 148
    ComExpr       go to state 149
    BoolUnit      go to state 126
    LeftVal       go to state 17


State 120

   29 BoolUOpExpr: NOT • BoolUnit

    LP   shift, and go to state 150
    NOT  shift, and go to state 120

    BoolUOpExpr  go to state 147
    BoolUnit     go to state 151


State 121

   34 ComExpr: ExprUnit • LT ExprUnit
   35        | ExprUnit • LE ExprUnit
   36        | ExprUnit • GT ExprUnit
   37        | ExprUnit • GE ExprUnit
   38        | ExprUnit • EQ ExprUnit
   39        | ExprUnit • NE ExprUnit

    EQ  shift, and go to state 152
    NE  shift, and go to state 153
    LT  shift, and go to state 154
    GT  shift, and go to state 155
    LE  shift, and go to state 156
    GE  shift, and go to state 157


State 122

   42 BoolUnit: BoolUOpExpr •
   45 BoolUnit_: LP BoolUOpExpr • RP

    RP  shift, and go to state 158

    $default  reduce using rule 42 (BoolUnit)


State 123

   32 BoolExpr: BoolBiOpExpr •

    $default  reduce using rule 32 (BoolExpr)


State 124

   30 BoolBiOpExpr: BoolExpr • AND BoolExpr
   31             | BoolExpr • OR BoolExpr
   44 BoolUnit_: LP BoolExpr • RP

    RP   shift, and go to state 159
    AND  shift, and go to state 160
    OR   shift, and go to state 161


State 125

   43 BoolUnit_: LP ComExpr • RP

    RP  shift, and go to state 162


State 126

   33 BoolExpr: BoolUnit •

    $default  reduce using rule 33 (BoolExpr)


State 127

   73 IfStmt: IF BoolUnit_ CodeBlock • ELSE CodeBlock
   74       | IF BoolUnit_ CodeBlock •

    ELSE  shift, and go to state 163

    $default  reduce using rule 74 (IfStmt)


State 128

   75 WhileStmt: WHILE BoolUnit_ CodeBlock •

    $default  reduce using rule 75 (WhileStmt)


State 129

   77 ReturnStmt: RETURN RightVal SEMICOLON •

    $default  reduce using rule 77 (ReturnStmt)


State 130

   11 FnCall: ID LP RP •

    $default  reduce using rule 11 (FnCall)


State 131

   10 FnCall: ID LP RightValList • RP

    RP  shift, and go to state 164


State 132

   50 AssignStmt: LeftVal ASSIGN RightVal • SEMICOLON

    SEMICOLON  shift, and go to state 165


State 133

   51 VarDecl: ID COLON Type •

    $default  reduce using rule 51 (VarDecl)


State 134

   52 VarDecl: ArrayExpr COLON Type •

    $default  reduce using rule 52 (VarDecl)


State 135

   64 VarDeclList: VarDecl COMMA VarDeclList •

    $default  reduce using rule 64 (VarDeclList)


State 136

   67 FnDecl: FN ID LP ParamDecl RP ARROW • Type

    INT  shift, and go to state 78
    ID   shift, and go to state 79

    Type  go to state 166


State 137

   20 ExprUnit: LP ArithExpr RP •

    $default  reduce using rule 20 (ExprUnit)


State 138

   24 ArithExpr: ArithExpr • ADD ArithExpr
   24          | ArithExpr ADD ArithExpr •
   25          | ArithExpr • SUB ArithExpr
   26          | ArithExpr • MUL ArithExpr
   27          | ArithExpr • DIV ArithExpr

    MUL  shift, and go to state 109
    DIV  shift, and go to state 110

    $default  reduce using rule 24 (ArithExpr)


State 139

   24 ArithExpr: ArithExpr • ADD ArithExpr
   25          | ArithExpr • SUB ArithExpr
   25          | ArithExpr SUB ArithExpr •
   26          | ArithExpr • MUL ArithExpr
   27          | ArithExpr • DIV ArithExpr

    MUL  shift, and go to state 109
    DIV  shift, and go to state 110

    $default  reduce using rule 25 (ArithExpr)


State 140

   24 ArithExpr: ArithExpr • ADD ArithExpr
   25          | ArithExpr • SUB ArithExpr
   26          | ArithExpr • MUL ArithExpr
   26          | ArithExpr MUL ArithExpr •
   27          | ArithExpr • DIV ArithExpr

    $default  reduce using rule 26 (ArithExpr)


State 141

   24 ArithExpr: ArithExpr • ADD ArithExpr
   25          | ArithExpr • SUB ArithExpr
   26          | ArithExpr • MUL ArithExpr
   27          | ArithExpr • DIV ArithExpr
   27          | ArithExpr DIV ArithExpr •

    $default  reduce using rule 27 (ArithExpr)


State 142

   55 VarDef: ID COLON Type ASSIGN RightVal •

    $default  reduce using rule 55 (VarDef)


State 143

   58 VarDef: ArrayExpr ASSIGN LB RightValList RB •

    $default  reduce using rule 58 (VarDef)


State 144

    9 RightValList: RightVal COMMA • RightValList

    SUB   shift, and go to state 64
    LP    shift, and go to state 68
    UNUM  shift, and go to state 65
    ID    shift, and go to state 69

    NUM           go to state 70
    RightValList  go to state 167
    FnCall        go to state 71
    ArrayExpr     go to state 72
    MemberExpr    go to state 73
    ExprUnit      go to state 74
    ArithExpr     go to state 75
    RightVal      go to state 114
    LeftVal       go to state 17


State 145

   57 VarDef: ArrayExpr COLON Type ASSIGN LB • RightValList RB
   59       | ArrayExpr COLON Type ASSIGN LB • RB

    SUB   shift, and go to state 64
    LP    shift, and go to state 68
    RB    shift, and go to state 168
    UNUM  shift, and go to state 65
    ID    shift, and go to state 69

    NUM           go to state 70
    RightValList  go to state 169
    FnCall        go to state 71
    ArrayExpr     go to state 72
    MemberExpr    go to state 73
    ExprUnit      go to state 74
    ArithExpr     go to state 75
    RightVal      go to state 114
    LeftVal       go to state 17


State 146

   28 ArithExpr: ExprUnit •
   34 ComExpr: ExprUnit • LT ExprUnit
   35        | ExprUnit • LE ExprUnit
   36        | ExprUnit • GT ExprUnit
   37        | ExprUnit • GE ExprUnit
   38        | ExprUnit • EQ ExprUnit
   39        | ExprUnit • NE ExprUnit

    EQ  shift, and go to state 152
    NE  shift, and go to state 153
    LT  shift, and go to state 154
    GT  shift, and go to state 155
    LE  shift, and go to state 156
    GE  shift, and go to state 157

    $default  reduce using rule 28 (ArithExpr)


State 147

   42 BoolUnit: BoolUOpExpr •

    $default  reduce using rule 42 (BoolUnit)


State 148

   30 BoolBiOpExpr: BoolExpr • AND BoolExpr
   31             | BoolExpr • OR BoolExpr
   41 BoolUnit: LP BoolExpr • RP

    RP   shift, and go to state 170
    AND  shift, and go to state 160
    OR   shift, and go to state 161


State 149

   40 BoolUnit: LP ComExpr • RP

    RP  shift, and go to state 171


State 150

   40 BoolUnit: LP • ComExpr RP
   41         | LP • BoolExpr RP

    SUB   shift, and go to state 64
    LP    shift, and go to state 119
    NOT   shift, and go to state 120
    UNUM  shift, and go to state 65
    ID    shift, and go to state 69

    NUM           go to state 70
    FnCall        go to state 71
    ArrayExpr     go to state 72
    MemberExpr    go to state 73
    ExprUnit      go to state 121
    BoolUOpExpr   go to state 147
    BoolBiOpExpr  go to state 123
    BoolExpr      go to state 148
    ComExpr       go to state 149
    BoolUnit      go to state 126
    LeftVal       go to state 17


State 151

   29 BoolUOpExpr: NOT BoolUnit •

    $default  reduce using rule 29 (BoolUOpExpr)


State 152

   38 ComExpr: ExprUnit EQ • ExprUnit

    SUB   shift, and go to state 64
    LP    shift, and go to state 68
    UNUM  shift, and go to state 65
    ID    shift, and go to state 69

    NUM         go to state 70
    FnCall      go to state 71
    ArrayExpr   go to state 72
    MemberExpr  go to state 73
    ExprUnit    go to state 172
    LeftVal     go to state 17


State 153

   39 ComExpr: ExprUnit NE • ExprUnit

    SUB   shift, and go to state 64
    LP    shift, and go to state 68
    UNUM  shift, and go to state 65
    ID    shift, and go to state 69

    NUM         go to state 70
    FnCall      go to state 71
    ArrayExpr   go to state 72
    MemberExpr  go to state 73
    ExprUnit    go to state 173
    LeftVal     go to state 17


State 154

   34 ComExpr: ExprUnit LT • ExprUnit

    SUB   shift, and go to state 64
    LP    shift, and go to state 68
    UNUM  shift, and go to state 65
    ID    shift, and go to state 69

    NUM         go to state 70
    FnCall      go to state 71
    ArrayExpr   go to state 72
    MemberExpr  go to state 73
    ExprUnit    go to state 174
    LeftVal     go to state 17


State 155

   36 ComExpr: ExprUnit GT • ExprUnit

    SUB   shift, and go to state 64
    LP    shift, and go to state 68
    UNUM  shift, and go to state 65
    ID    shift, and go to state 69

    NUM         go to state 70
    FnCall      go to state 71
    ArrayExpr   go to state 72
    MemberExpr  go to state 73
    ExprUnit    go to state 175
    LeftVal     go to state 17


State 156

   35 ComExpr: ExprUnit LE • ExprUnit

    SUB   shift, and go to state 64
    LP    shift, and go to state 68
    UNUM  shift, and go to state 65
    ID    shift, and go to state 69

    NUM         go to state 70
    FnCall      go to state 71
    ArrayExpr   go to state 72
    MemberExpr  go to state 73
    ExprUnit    go to state 176
    LeftVal     go to state 17


State 157

   37 ComExpr: ExprUnit GE • ExprUnit

    SUB   shift, and go to state 64
    LP    shift, and go to state 68
    UNUM  shift, and go to state 65
    ID    shift, and go to state 69

    NUM         go to state 70
    FnCall      go to state 71
    ArrayExpr   go to state 72
    MemberExpr  go to state 73
    ExprUnit    go to state 177
    LeftVal     go to state 17


State 158

   45 BoolUnit_: LP BoolUOpExpr RP •

    $default  reduce using rule 45 (BoolUnit_)


State 159

   44 BoolUnit_: LP BoolExpr RP •

    $default  reduce using rule 44 (BoolUnit_)


State 160

   30 BoolBiOpExpr: BoolExpr AND • BoolExpr

    LP   shift, and go to state 150
    NOT  shift, and go to state 120

    BoolUOpExpr   go to state 147
    BoolBiOpExpr  go to state 123
    BoolExpr      go to state 178
    BoolUnit      go to state 126


State 161

   31 BoolBiOpExpr: BoolExpr OR • BoolExpr

    LP   shift, and go to state 150
    NOT  shift, and go to state 120

    BoolUOpExpr   go to state 147
    BoolBiOpExpr  go to state 123
    BoolExpr      go to state 179
    BoolUnit      go to state 126


State 162

   43 BoolUnit_: LP ComExpr RP •

    $default  reduce using rule 43 (BoolUnit_)


State 163

   73 IfStmt: IF BoolUnit_ CodeBlock ELSE • CodeBlock

    LB  shift, and go to state 22

    CodeBlock  go to state 180


State 164

   10 FnCall: ID LP RightValList RP •

    $default  reduce using rule 10 (FnCall)


State 165

   50 AssignStmt: LeftVal ASSIGN RightVal SEMICOLON •

    $default  reduce using rule 50 (AssignStmt)


State 166

   67 FnDecl: FN ID LP ParamDecl RP ARROW Type •

    $default  reduce using rule 67 (FnDecl)


State 167

    9 RightValList: RightVal COMMA RightValList •

    $default  reduce using rule 9 (RightValList)


State 168

   59 VarDef: ArrayExpr COLON Type ASSIGN LB RB •

    $default  reduce using rule 59 (VarDef)


State 169

   57 VarDef: ArrayExpr COLON Type ASSIGN LB RightValList • RB

    RB  shift, and go to state 181


State 170

   41 BoolUnit: LP BoolExpr RP •

    $default  reduce using rule 41 (BoolUnit)


State 171

   40 BoolUnit: LP ComExpr RP •

    $default  reduce using rule 40 (BoolUnit)


State 172

   38 ComExpr: ExprUnit EQ ExprUnit •

    $default  reduce using rule 38 (ComExpr)


State 173

   39 ComExpr: ExprUnit NE ExprUnit •

    $default  reduce using rule 39 (ComExpr)


State 174

   34 ComExpr: ExprUnit LT ExprUnit •

    $default  reduce using rule 34 (ComExpr)


State 175

   36 ComExpr: ExprUnit GT ExprUnit •

    $default  reduce using rule 36 (ComExpr)


State 176

   35 ComExpr: ExprUnit LE ExprUnit •

    $default  reduce using rule 35 (ComExpr)


State 177

   37 ComExpr: ExprUnit GE ExprUnit •

    $default  reduce using rule 37 (ComExpr)


State 178

   30 BoolBiOpExpr: BoolExpr • AND BoolExpr
   30             | BoolExpr AND BoolExpr •
   31             | BoolExpr • OR BoolExpr

    $default  reduce using rule 30 (BoolBiOpExpr)


State 179

   30 BoolBiOpExpr: BoolExpr • AND BoolExpr
   31             | BoolExpr • OR BoolExpr
   31             | BoolExpr OR BoolExpr •

    AND  shift, and go to state 160

    $default  reduce using rule 31 (BoolBiOpExpr)


State 180

   73 IfStmt: IF BoolUnit_ CodeBlock ELSE CodeBlock •

    $default  reduce using rule 73 (IfStmt)


State 181

   57 VarDef: ArrayExpr COLON Type ASSIGN LB RightValList RB •

    $default  reduce using rule 57 (VarDef)
